1980	1495	1011	880     440     440 	0.1     2199	220	0.125	2639	4398	0.1 	2199	220	0.125	2639	4398	0.1	2199	220	0.125	2639	4398	0.1	2199	220	0.125	2639	4398
1981	1629	1102	958     479     479 	0.1     2395	240	0.125	2874	4791	0.1 	2395	240	0.125	2874	4791	0.1	2395	240	0.125	2874	4791	0.1	2395	240	0.125	2874	4791
1982	1719	1163	1011	506     506 	0.1     2528	253	0.125	3033	5055	0.1 	2528	253	0.125	3033	5055	0.1	2528	253	0.125	3033	5055	0.1	2528	253	0.125	3033	5055
1983	1793	1213	1055	527     527 	0.1     2636	264	0.125	3164	5273	0.1 	2636	264	0.125	3164	5273	0.1	2636	264	0.125	3164	5273	0.1	2636	264	0.125	3164	5273
1984	1861	1259	1094	547     547 	0.1     2736	274	0.125	3283	5472	0.1     2736	274	0.125	3283	5472	0.1	2736	274	0.125	3283	5472	0.1	2736	274	0.125	3283	5472
1985	2011	1360	1179	589     589 	0.11	2833	312	0.122	3683	6233	0.11	2833	312	0.122	3683	6233	0.11	2833	312	0.122	3683	6233	0.11	2833	312	0.122	3683	6233
1986	2124	1436	1250	625     625 	0.11	2894	318	0.122	3763	6368	0.11	2894	318	0.122	3763	6368	0.11	2894	318	0.122	3763	6368	0.11	2894	318	0.122	3763	6368
1987	2243	1515	2267	1133	1133	0.14	3627	508	0.100	4128	9205	0.14	3627	508	0.100	4128	9205	0.14	3627	508	0.100	4128	9205	0.14	3627	508	0.100	4128	9205
1988	3099	1859	2417	1208	1208	0.14	3867	542	0.100	6098	11512	0.14	3867	542	0.100	6098	11512	0.14	3867	542	0.100	6098	11512	0.14	3867	542	0.100	6098	11512
1989	3361	2004	2586	1293	1293	0.14	4202	588	0.100	6619	12502	0.14	4202	588	0.100	6619	12502	0.14	4202	588	0.100	6619	12502	0.14	4202	588	0.100	6619	12502
1990	3675	2192	2765	1383	1383	0.14	4593	643	0.100	7236	13666	0.14	4593	643	0.100	7236	13666	0.14	4593	643	0.100	7236	13666	0.14	4593	643	0.100	7236	13666
1991	3970	2368	2995	1498	1498	0       0       0	0       0   	0       0.167	4973	830	0.119	7836	14801	0.173	4973	860	0.124	7836	14801	0.173	4973	860	0.124	7836	14801
1992	4290	2574	3289	1644	1644	0       0     	0	0       0   	0   	0.176	5376	947	0.126	8465	15993	0.184	5376	989	0.131	8465	15993	0.184	5376	989	0.131	8465	15993
1993	4543	2711	3444	1722	1722	0	0	0	0	0	0	0.185	5679	1051	0.132	8940	16891	0.195	5679	1107	0.139	8940	16891	0.195	5679	1107	0.139	8940	16891
1994	4750	2843	3665	1833	1833	0.0765	2992	229	0.077	3740	6732	0.263	5797	1524	0.160	8228	17769	0.3	6302	1891	0.177	8228	18922	0.3	6302	1891	0.177	8228	18922
1995	5001	2978	3818	1909	1909	0.0765	3131	240	0.077	3917	7048	0.34	4704	1599	0.160	8621	18628	0.36	6597	2375	0.202	8621	20366	0.36	6597	2375	0.202	8621	20366
1996	5225	3119	3977	1989	1989	0.0765	3291	252	0.077	4117	7408	0.34	4936	1678	0.160	9054	19556	0.4	6933	2773	0.211	9054	22221	0.4	6933	2773	0.211	9054	22221
1997	5474	3292	4204	2102	2102	0.0765	3443	263	0.077	4307	7750	0.34	5156	1753	0.160	9464	20427	0.4	7250	2900	0.211	9464	23235	0.4	7250	2900	0.211	9464	23235
1998	5675	3397	4316	2158	2158	0.0765	3565	273	0.077	4452	8017	0.34	5340	1815	0.160	9800	21161	0.4	7506	3002	0.211	9800	24056	0.4	7506	3002	0.211	9800	24056
1999	5840	3488	4461	2231	2231	0.0765	3674	281	0.077	4599	8273	0.34	5515	1875	0.160	10106	21841	0.4	7738	3095	0.211	10106	24803	0.4	7738	3095	0.211	10106	24803
2000	6110	3658	4655	2328	2328	0.0765	3832	293	0.077	4797	8629	0.34	5753	1956	0.160	10549	22789	0.4	8080	3232	0.211	10549	25897	0.4	8080	3232	0.211	10549	25897
2001	6440	3855	4830	2415	2415	0.0765	4033	308	0.077	5042	9075	0.340053405	6050	2057	0.160	11092	23964	0.4	8491	3396	0.211	11092	27218	0.4	8491	3396	0.211	11092	27218
2002	6741	4036	5152	2576	2576	0.0765	4216	323	0.077	5281	9498	0.34	6329	2152	0.160	11610	25076	0.4	8888	3555	0.211	11610	28491	0.4	8888	3555	0.211	11610	28491
2003	8319	4160	5342	2671	2671	0.0765	4370	335	0.077	5464	9834	0.34	6559	2230	0.160	12024	25979	0.4	9204	3682	0.211	12024	29505	0.4	9204	3682	0.211	12024	29505
2004	8701	4351	5562	2781	2781	0.0765	4575	350	0.077	5732	10307	0.34	6871	2336	0.160	12594	27214	0.4	9643	3857	0.211	12594	30910	0.4	9643	3857	0.211	12594	30910
2005	9226	4613	5720	2952	2952	0.0765	4816	368	0.077	6025	10841	0.34	7224	2456	0.160	13258	28629	0.4	10149	4059	0.211	13258	32534	0.4	10149	4059	0.211	13258	32534
2006	9757	4879	6252	3126	3126	0.0765	5096	390	0.077	6385	11481	0.34	7654	2602	0.160	14029	30314	0.4	10742	4297	0.211	14029	34432	0.4	10742	4297	0.211	14029	34432
2007	10390	5195	6603	3301	3301	0.0765	5428	415	0.077	6797	12225	0.34	8147	2770	0.160	14944	32277	0.4	11448	4579	0.211	14944	36688	0.4	11448	4579	0.211	14944	36688
2008	10907	5454	7005	3502	3502	0.0765	5724	438	0.077	7165	12888	0.34	8586	2919	0.160	15750	34017	0.4	12068	4827	0.211	15750	38671	0.4	12068	4827	0.211	15750	38671
2009	11400	5700	7300	3650	3650	0.0765	5970	457	0.077	7470	13440	0.34	8950	3043	0.160	16420	35463	0.4	12570	5028	0.211	16420	40295	0.45	12570	5657	0.211	16420	43279
2010	11588	5794	7421	3710	3710	0.0765	6079	465	0.077	7604	13682	0.34	9118	3100	0.160	16722	36122	0.4	12798	5119	0.211	16722	41030	0.45	12798	5760	0.211	16722	44069
2011	12081	6041	7707	3854	3854	0.0765	6322	483	0.077	7905	14227	0.34	9478	3222	0.160	17382	37548	0.4	13310	5324	0.211	17382	42664	0.45	13310	5990	0.211	17382	45823
2012	12628	6314	8065	4033	4033	0.0765	6590	504	0.077	8246	14836	0.34	9890	3363	0.160	18136	39180	0.4	13891	5556	0.211	18136	44520	0.45	13891	6252	0.211	18136	47818
2013	13119	6559	8387	4194	4194	0.0765	6850	524	0.077	8570	15420	0.34	10280	3495	0.160	18850	40722	0.4	14442	5777	0.211	18850	46280	0.45	14442	6499	0.211	18850	49709
2014	13535	6767	8623	4311	4311	0.0765	7073	541	0.077	8852	15925	0.34	10609	3607	0.160	19461	42035	0.4	14899	5960	0.211	19461	47760	0.45	14899	6705	0.211	19461	51297
2015	13801	6901	8763	4381	4381	0.0765	7207	551	0.077	9025	16233	0.34	10822	3679	0.160	19836	42861	0.4	15192	6077	0.211	19836	48691	0.45	15192	6837	0.211	19836	52298
2016	13951	6975	8968	4484	4484	0.0765	7319	560	0.077	9157	16475	0.34	10984	3735	0.160	20140	43509	0.4	15425	6169	0.211	20140	49435	0.45	15424	6941	0.211	20140	53097
2017	13951	6975	8968	4484	4484	0.0765	7319	560	0.077	9157	16475	0.34	10984	3735	0.160	20140	43509	0.4	15425	6169	0.211	20140	49435	0.45	15424	6941	0.211	20140	53097
2018	13951	6975	8968	4484	4484	0.0765	7319	560	0.077	9157	16475	0.34	10984	3735	0.160	20140	43509	0.4	15425	6169	0.211	20140	49435	0.45	15424	6941	0.211	20140	53097
2019	13951	6975	8968	4484	4484	0.0765	7319	560	0.077	9157	16475	0.34	10984	3735	0.160	20140	43509	0.4	15425	6169	0.211	20140	49435	0.45	15424	6941	0.211	20140	53097
2020	13951	6975	8968	4484	4484	0.0765	7319	560	0.077	9157	16475	0.34	10984	3735	0.160	20140	43509	0.4	15425	6169	0.211	20140	49435	0.45	15424	6941	0.211	20140	53097
2021	13951	6975	8968	4484	4484	0.0765	7319	560	0.077	9157	16475	0.34	10984	3735	0.160	20140	43509	0.4	15425	6169	0.211	20140	49435	0.45	15424	6941	0.211	20140	53097
2022	13951	6975	8968	4484	4484	0.0765	7319	560	0.077	9157	16475	0.34	10984	3735	0.160	20140	43509	0.4	15425	6169	0.211	20140	49435	0.45	15424	6941	0.211	20140	53097
2023	13951	6975	8968	4484	4484	0.0765	7319	560	0.077	9157	16475	0.34	10984	3735	0.160	20140	43509	0.4	15425	6169	0.211	20140	49435	0.45	15424	6941	0.211	20140	53097
2024	13951	6975	8968	4484	4484	0.0765	7319	560	0.077	9157	16475	0.34	10984	3735	0.160	20140	43509	0.4	15425	6169	0.211	20140	49435	0.45	15424	6941	0.211	20140	53097
2025	13951	6975	8968	4484	4484	0.0765	7319	560	0.077	9157	16475	0.34	10984	3735	0.160	20140	43509	0.4	15425	6169	0.211	20140	49435	0.45	15424	6941	0.211	20140	53097
2026	13951	6975	8968	4484	4484	0.0765	7319	560	0.077	9157	16475	0.34	10984	3735	0.160	20140	43509	0.4	15425	6169	0.211	20140	49435	0.45	15424	6941	0.211	20140	53097
2027	13951	6975	8968	4484	4484	0.0765	7319	560	0.077	9157	16475	0.34	10984	3735	0.160	20140	43509	0.4	15425	6169	0.211	20140	49435	0.45	15424	6941	0.211	20140	53097
2028	13951	6975	8968	4484	4484	0.0765	7319	560	0.077	9157	16475	0.34	10984	3735	0.160	20140	43509	0.4	15425	6169	0.211	20140	49435	0.45	15424	6941	0.211	20140	53097
2029	13951	6975	8968	4484	4484	0.0765	7319	560	0.077	9157	16475	0.34	10984	3735	0.160	20140	43509	0.4	15425	6169	0.211	20140	49435	0.45	15424	6941	0.211	20140	53097
2030	13951	6975	8968	4484	4484	0.0765	7319	560	0.077	9157	16475	0.34	10984	3735	0.160	20140	43509	0.4	15425	6169	0.211	20140	49435	0.45	15424	6941	0.211	20140	53097
2031	13951	6975	8968	4484	4484	0.0765	7319	560	0.077	9157	16475	0.34	10984	3735	0.160	20140	43509	0.4	15425	6169	0.211	20140	49435	0.45	15424	6941	0.211	20140	53097
2032	13951	6975	8968	4484	4484	0.0765	7319	560	0.077	9157	16475	0.34	10984	3735	0.160	20140	43509	0.4	15425	6169	0.211	20140	49435	0.45	15424	6941	0.211	20140	53097
2033	13951	6975	8968	4484	4484	0.0765	7319	560	0.077	9157	16475	0.34	10984	3735	0.160	20140	43509	0.4	15425	6169	0.211	20140	49435	0.45	15424	6941	0.211	20140	53097
2034	13951	6975	8968	4484	4484	0.0765	7319	560	0.077	9157	16475	0.34	10984	3735	0.160	20140	43509	0.4	15425	6169	0.211	20140	49435	0.45	15424	6941	0.211	20140	53097
2035	13951	6975	8968	4484	4484	0.0765	7319	560	0.077	9157	16475	0.34	10984	3735	0.160	20140	43509	0.4	15425	6169	0.211	20140	49435	0.45	15424	6941	0.211	20140	53097
