18	0	0	0	0	0	0	0	0	.662871	.7425514	.7585377	.774535	.9333768	.9560063	.9560063	.9872006	.9872006	.9879401	1	1
19	0	0	0	0	0	0	0	0	.5184244	.6738999	.7399389	.7399389	.9213502	.9418976	.9573101	.9756595	.9810712	.9856672	.9856672	1
20	0	0	0	0	0	0	0	0	.4407746	.6418461	.7007818	.7055913	.8919938	.9424379	.9638066	.9725602	.9759709	.9926242	.9942715	1
21	0	0	0	0	0	0	0	0	.3979965	.6103395	.688422	.6986113	.8963862	.9611489	.9753094	.9785795	.9832866	.9938672	.9991898	1
22	0	0	0	0	0	0	0	0	.3592311	.5032466	.588515	.5807266	.8346124	.929886	.9561713	.9638176	.9707482	.9854187	1	1
23	0	0	0	0	0	0	0	0	.2286611	.4252987	.5242101	.52937	.7906108	.9202346	.9505561	.9521677	.9589769	.9797714	.993867	1
24	0	0	0	0	0	0	0	0	.1238127	.3221901	.4378956	.4485833	.712685	.8703126	.9180963	.9247087	.942696	.9764816	.9924474	1
25	0	0	0	0	0	0	0	0	.0608363	.2451658	.3511079	.3732315	.5927071	.7396331	.8045666	.8101367	.9197956	.9698274	.9955781	1
26	0	0	0	0	0	0	0	0	.0279692	.2415962	.3180011	.3282058	.4110415	.6159917	.7728929	.8047903	.8889249	.9572911	.9944265	1
27	0	0	0	0	0	0	0	0	.0138169	.2485833	.313132		.3214094	.4126002	.6002767	.7571248	.8092656	.8700017	.9067147	.9962853	1
28	0	0	0	0	0	0	0	0	.0121497	.2181269	.279332		.2971366	.404557		.5293486	.7262241	.7970335	.8189057	.8990103	.9950459	1
29	0	0	0	0	0	0	0	0	.0055255	.1343515	.240877		.2758921	.3836697	.506737		.7082675	.7468782	.767212		.8861936	.9886183	1
30	0	0	0	0	0	0	0	0	.0050486	.0673776	.2263919	.2715715	.3749631	.481717		.6995959	.7415763	.7615763	.8632771	.9854256	1
31	0	0	0	0	0	0	0	0	.0040482	.0511937	.2277206	.2667116	.3689074	.4208918	.7012947	.71294097	.7694097	.8529494	.9878451	1
32	0	0	0	0	0	0	0	0	.0013079	.027935		.2295591	.2890316	.3896436	.4095761	.6989269	.7183968	.768615		.8347665	.9816768	1
33	0	0	0	0	0	0	0	0	.00079		.0250596	.2121992	.2644067	.3651389	.4023618	.6757505	.7110007	.7610007	.8270456	.9793954	1
34	0	0	0	0	0	0	0	0	.00078		.0146386	.2107631	.2484878	.3496273	.4016782	.6608355	.7100709	.7600709	.8224676	.9713655	1
35	0	0	0	0	0	0	0	0	.0008613	.0105877	.2145199	.2546213	.3549894	.4000348	.6682592	.7092086	.7692086	.8312538	.9633863	1
36	0	0	0	0	0	0	0	0	.0015104	.0100309	.2148635	.2443972	.3443972	.4023708	.6259725	.720215		.790215		.8122257	.9493448	1
37	0	0	0	0	0	0	0	0	.0002793	.0087344	.2292872	.235817		.335817		.4002139	.6292193	.737161		.797161		.8174194	.941477	1
38	0	0	0	0	0	0	0	0	0			.0026963	.1966929	.2454992	.3454992	.4067838	.6223862	.7055598	.7955598	.8159726	.9003777	1
39	0	0	0	0	0	0	0	0	.0014313	.0038616	.149561		.246297		.3465204	.4091745	.6165373	.7010874	.7813416	.8042483	.8901702	1
40	0	0	0	0	0	0	0	0	.0004816	.0031599	.0962314	.2464327	.3464327	.4089027	.5810248	.704653		.7847089	.8151075	.8739423	1
41	0	0	0	0	0	0	0	0	.0006655	.0025531	.0697864	.3438962	.3439314	.4068788	.5271801	.7258223	.7758223	.8064137	.8413655	1
42	0	0	0	0	0	0	0	0	0			.0013479	.0517041	.326271		.426271		.4265279	.4032736	.7361966	.7661966	.7667351	.8065823	1
43	0	0	0	0	0	0	0	0	.0009433	.0022019	.0279079	.3113081	.411641		.4020894	.4405382	.7317103	.7517103	.7523168	.783183	1
44	0	0	0	0	0	0	0	0	.0001298	.0015912	.0270182	.318277		.4186229	.4205073	.4398569	.7247098	.765336		.7655975	.7782271	1
45	0	0	0	0	0	0	0	0	.0002405	.0005237	.017571		.3229688	.4229688	.4241853	.4422467	.7365516	.7665516	.7665516	.7732566	1
46	0	0	0	0	0	0	0	0	0			.0008824	.0180474	.3300541	.4303834	.4313156	.443177		.7327806	.7527806	.753191		.7702438	1
47	0	0	0	0	0	0	0	0	.0003434	.0006325	.0101206	.3357042	.436057		.4368059	.4440217	.7461233	.7563892	.7565824	.7604168	1
48	0	0	0	0	0	0	0	0	0			.0017641	.0082293	.3355495	.4355495	.4355495	.4436613	.7285294	.7587624	.7589838	.7615863	1
49	0	0	0	0	0	0	0	0	.001289		.0014214	.0135956	.3274649	.4274649	.4274649	.4365188	.7304814	.7404814	.7404814	.7419933	1
50	0	0	0	0	0	0	0	0	0			.0019222	.006765		.4136195	.4146632	.4155294	.4220767	.738565		.7394824	.7394824	.7394824	1
51	0	0	0	0	0	0	0	0	.0022581	.0022581	.0131055	.3034568	.4034568	.4051494	.4094275	.7277543	.7377543	.7377543	.7377543	1
