18	0	0	0	0	.2866914	.5549957	.6079253	.618689		.933293		.955708		.9602051	.9647053	.9812582	.9876241	.9876241	.9963993	.9963993	.9966074	1			1
19	0	0	0	0	.2332432	.5657614	.6306522	.6396561	.9006591	.9411362	.9583291	.9583291	.979524		.9848734	.9888859	.9936631	.995072		.9962685	.9962685	1
20	0	0	0	0	.1065525	.5090365	.5691146	.5772265	.7517742	.9166748	.9356977	.93725		.9651384	.9814205	.9883177	.9911432	.992244		.9976193	.998151		1
21	0	0	0	0	.1053437	.4431434	.5323618	.5391374	.6188457	.8054724	.9236494	.9273264	.9326096	.9859801	.9910901	.9922702	.9939687	.9977869	.9997076	1
22	0	0	0	0	.0464729	.2715484	.2895513	.3060952	.4347826	.5357818	.6670751	.7078512	.8015453	.9709795	.9818591	.9850239	.9878925	.9939647	1			1
23	0	0	0	0	.0163621	.2149765	.2237198	.2250294	.3890635	.5540249	.6690266	.7013742	.7547341	.9637091	.9775045	.9782377	.9813357	.9907966	.9972097	1
24	0	0	0	0	.005303		.2121071	.2236303	.2364001	.3375141	.5047931	.5119053	.5271808	.6081814	.9159863	.9295724	.9328362	.9347147	.9883913	.996272		1
25	0	0	0	0	.0030294	.1384247	.1799393	.1873479	.3391442	.4934291	.5240266	.5303629	.6571276	.7561839	.7901216	.8030328	.858081		.9842302	.9976888	1
26	0	0	0	0	.0004337	.1000589	.1566119	.1731296	.3389846	.4840956	.5084256	.5242103	.6328239	.7886851	.7979467	.804691		.8470348	.9657896	.9968405	1
27	0	0	0	0	.0011393	.05012		.1518004	.162042		.3298894	.4732269	.4794019	.4897827	.6061387	.7881676	.7988529	.8057483	.8361664	.9697362	.9978902	1
28	0	0	0	0	.001976		.0332993	.1510424	.1618985	.3188008	.4558167	.4642077	.4743226	.558538		.7605615	.7783207	.7844615	.8255251	.9653517	.9971856	1
29	0	0	0	0	.001065		.0234265	.1509801	.1646977	.3178213	.4106469	.4539265	.4737206	.55081173	.7546466	.7729192	.7834399	.8236286	.946971		.9935659	1
30	0	0	0	0	.0003385	.01467		.1561096	.1693891	.3223204	.3585093	.4369568	.4731887	.5851579	.7571403	.7768676	.7896297	.8296297	.9438416	.9915379	1
31	0	0	0	0	.0005322	.0109943	.1062685	.1668267	.389309		.4182173	.4290936	.4730018	.5843482	.7062237	.7781592	.7853986	.8153986	.9098325	.9925469	1
32	0	0	0	0	.000251		.0074827	.1048126	.1694706	.3802822	.3968051	.4460247	.4729291	.5833088	.6956776	.7752282	.7835152	.8136506	.8974677	.9886299	1
33	0	0	0	0	0			.0086962	.1014502	.1507758	.3612808	.3767945	.411479		.4676358	.5881038	.6691131	.7766543	.7855793	.8155793	.8894434	.986829		1
34	0	0	0	0	0			.0040868	.1020475	.1563506	.3568527	.3657727	.422119		.4450195	.585753		.6535095	.77260619	.7841888	.8141888	.8857314	.9815694	1
35	0	0	0	0	0			.0018284	.1035259	.1444952	.3650426	.3712237	.4370842	.4534092	.5836431	.6568496	.7727277	.7814613	.8114613	.892761		.9767318	1
36	0	0	0	0	.0000526	.00195		.1108798	.1443983	.3653583	.3707739	.439102		.4468579	.5868579	.6519259	.7758277	.7893723	.8193723	.8806503	.9678035	1
37	0	0	0	0	0			.0012229	.0727282	.1487344	.3489163	.3544228	.4280613	.432567		.582567		.6354306	.7706245	.7809233	.8009233	.8810915	.961886		1
38	0	0	0	0	0			.0010033	.051623		.1489588	.3489588	.3507141	.4270139	.4389971	.5889971	.6398335	.7632203	.7799219	.8099219	.8801906	.9481626	1
39	0	0	0	0	0			.0010457	.0319377	.1388816	.3398278	.3414346	.4177591	.4339368	.5840844	.6358391	.7464858	.7784952	.8086633	.870585		.9273895	1
40	0	0	0	0	0			.0009902	.0232111	.1332739	.3335949	.3353807	.3974338	.4309222	.5809222	.632569		.7206582	.7764243	.8064616	.8767273	.915954		1
41	0	0	0	0	.0002546	.0007482	.0220252	.1310907	.3315358	.3327985	.3777714	.4028017	.5880406	.630012		.6837264	.7501127	.8001127	.8705083	.8938879	1
42	0	0	0	0	.0005777	.0006256	.0167777	.1328414	.3328414	.3337406	.3673362	.4172317	.5872317	.6174032	.64859		.7573592	.8073592	.8577185	.8709597	1
43	0	0	0	0	.0004044	.0012882	.0156555	.1472335	.3478493	.3486708	.3654509	.4157216	.585939		.6162317	.6348021	.7109802	.8009802	.851376		.8649968	1
44	0	0	0	0	.0002855	.0010849	.0131618	.1379173	.3380032	.3389708	.3558056	.4148512	.5850803	.6163279	.6291389	.7108392	.8012539	.851427		.8597888	1
45	0	0	0	0	.0003039	.000677		.0072733	.1428901	.3430481	.3432342	.3544362	.4208271	.5808271	.6216265	.6334948	.719741		.809741		.859741		.8641468	1
46	0	0	0	0	.0000984	.0002629	.0055896	.1331878	.3331878	.3337762	.345222		.4199531	.5801726	.6207942	.6287036	.7218236	.7918236	.8620973	.8668001	1
47	0	0	0	0	.0002267	.0002267	.00436		.1555886	.35581		.3559962	.3621105	.4363614	.5865887	.6370713	.6417213	.7157313	.7959027	.8560271	.8584982	1
48	0	0	0	0	.0001869	.0008309	.0027778	.14348		.34348		.3446382	.3488826	.429427		.589427		.629427		.6347525	.7211653	.7913183	.8614637	.8631722	1
49	0	0	0	0	.0016792	.0017439	.003073		.1347581	.3356155	.3357037	.3438025	.4191257	.5891257	.6191257	.6251487	.7206194	.7906194	.8606194	.8616252	1
50	0	0	0	0	0			.0012991	.0020431	.139862		.339862		.3411309	.3443279	.412908		.583597		.6141688	.6184909	.747221		.7978266	.8478266	.8478266	1
51	0	0	0	0	.0005385	.0005385	.0008254	.1526816	.3541434	.3541434	.3611651	.4138467	.5838467	.6149423	.6177115	.7496631	.7996631	.8496631	.8496631	1
