18	.1475683	.333259	.370838	.3787372	.6198424	.7871322	.8201342	.8268454	.9606527	.9746286	.9774326	.9802385	.9905593	.9945285	.9945285	1	1	1	1	1
19	.0779584	.2355121	.2661119	.2785738	.5205173	.7619345	.809047	.8155841	.9324766	.9618641	.9743465	.9743465	.9897346	.9936184	.9965317	1	1	1	1	1
20	.04209	.2019596	.250596	.2548175	.4101122	.7127164	.7578856	.7639844	.8952166	.9440116	.9583138	.9594809	.9804486	.9926901	.9978758	1	1	1	1	1
21	.0171681	.1702207	.2236925	.2298443	.3116074	.6514079	.7206552	.7259142	.8653957	.9248699	.9467397	.9495935	.9769788	.995118	.9990841	1	1	1	1	1
22	.0064999	.1262875	.1951768	.2030306	.2406312	.5602814	.6719377	.6772321	.7975332	.8792503	.9045692	.9051971	.9567311	.9886369	.9974394	1	1	1	1	1
23	.0026443	.0882559	.1725218	.1830267	.1966914	.4878361	.6287617	.6382069	.7250908	.8378035	.8753867	.8773472	.9386136	.9878665	.9993876	1	1	1	1	1
24	.0028805	.0610398	.1549663	.1616095	.1662271	.4072545	.5914386	.6025578	.6557729	.7840162	.8337467	.8383403	.9088717	.9766204	.997158	1	1	1	1	1
25	.0013626	.0341788	.1412035	.1523537	.1550481	.3199424	.5614329	.5769165	.6051967	.751315	.8052115	.8108472	.8524406	.9672259	.9974107	1	1	1	1	1
26	.0009014	.0218412	.1333787	.1482554	.1486507	.2394349	.5278963	.5429482	.5573962	.6987423	.7847012	.7899727	.8069344	.9489641	.9938542	1	1	1	1	1
27	0	.014743	.1283742	.1470489	.1480986	.1932277	.5172533	.5451168	.5523471	.6751994	.782239	.7918034	.7976596	.9377336	.9936468	1	1	1	1	1
28	.0002771	.0091271	.1241217	.1465901	.1484142	.17733	.507578	.545294	.5516658	.6596882	.7966743	.8060117	.8099032	.9225483	.9943311	1	1	1	1	1
29	.0005828	.0062749	.11031	.1375531	.1385587	.1596718	.5067067	.5479837	.5509329	.619693	.7832993	.8019884	.8061396	.8878384	.9900666	1	1	1	1	1
30	.0001079	.0028396	.0984215	.1288572	.1291778	.1427537	.4661912	.5261343	.528911	.5631918	.7606492	.7854979	.7873633	.8460777	.9879108	1	1	1	1	1
31	.0002398	.003695	.0889373	.1337124	.1342274	.1443493	.4300236	.5079628	.5103642	.5383328	.7617028	.7848338	.7861364	.8169755	.9833211	1	1	1	1	1
32	.0001703	.0037883	.0740042	.1291432	.1293879	.1364362	.4067333	.498991	.499782	.5158859	.7587856	.7947541	.7951242	.8071793	.9821768	1	1	1	1	1
33	0	.0010785	.0659241	.125799	.125799	.1343835	.3641469	.4819394	.4824379	.4977522	.7294214	.7749852	.7754472	.786315	.9714466	1	1	1	1	1
34	.0009768	.0019585	.0562092	.1260245	.1260245	.130064	.3257382	.4782589	.4787551	.4875722	.7014195	.7635934	.7643183	.7719853	.9623136	1	1	1	1	1
35	.0005148	.0010131	.0389923	.1204148	.1204148	.1222189	.2817622	.4800542	.4805943	.4866931	.6898111	.7651193	.7653501	.7685138	.9617824	1	1	1	1	1
36	.0002078	.0009581	.0295899	.1291792	.1292313	.1311103	.2389808	.4900339	.4909845	.4963475	.6630386	.7697467	.7697467	.7747654	.946976	1	1	1	1	1
37	.0001997	.0002755	.0179565	.1289377	.1289377	.130147	.2008518	.4737684	.4739483	.4793932	.6214238	.7544238	.7544238	.7572554	.9304882	1	1	1	1	1
38	.0006897	.0009943	.0134534	.1235794	.1235794	.1245788	.174997	.4711497	.4711497	.4728981	.5986953	.760034	.760034	.7608669	.9136435	1	1	1	1	1
39	.0000259	.0005279	.0099015	.115991	.115991	.1170553	.1484991	.4609259	.4618891	.4635245	.5615697	.7612517	.761402	.763188	.8758112	1	1	1	1	1
40	.000334	.0006896	.0098015	.1177916	.1177916	.1187883	.1411559	.453265	.4535882	.4553857	.5178484	.7528777	.7528777	.7545353	.8432059	1	1	1	1	1
41	.0001751	.0009504	.0082824	.1113162	.1115763	.1120803	.1338115	.4494734	.449928	.4512177	.4971505	.7527372	.7527612	.7547748	.8096355	1	1	1	1	1
42	.0002136	.0006725	.006405	.1132132	.1138108	.1138603	.1305668	.4574789	.4574789	.458409	.4931577	.7516305	.7516305	.7518079	.7840651	1	1	1	1	1
43	.0000331	.0008324	.0038635	.1204202	.1208382	.1217517	.1366019	.4793235	.47996	.4808092	.4981531	.756835	.7570596	.7573621	.7765567	1	1	1	1	1
44	.0003815	.000937	.003923	.1160864	.116383	.1172135	.1297598	.4671394	.4672287	.4682338	.4857231	.7548385	.7550765	.7563726	.7696816	1	1	1	1	1
45	.0007007	.0010374	.0039351	.1112938	.1116079	.1119936	.1188121	.4657361	.4658994	.4660918	.4776712	.7530369	.7530369	.7538633	.7661314	1	1	1	1	1
46	.0003995	.0005489	.0032617	.1189782	.1190788	.119247	.1246924	.4595882	.4595882	.4601897	.4718905	.7527416	.752966	.7536015	.761687	1	1	1	1	1
47	.0001575	.0001575	.0017533	.1015993	.1018374	.1018374	.1061767	.4749187	.475151	.4753466	.4817657	.7696916	.7699302	.7704369	.7753187	1	1	1	1	1
48	.0001701	.0001701	.001222	.0942601	.0944566	.0951339	.0971816	.4555188	.4555188	.456737	.4612011	.7562667	.7562667	.7562667	.7618679	1	1	1	1	1
49	0	0	.0004946	.094904	.0966699	.096738	.0981358	.4469622	.447864	.4479567	.456474	.7460259	.7460259	.7460259	.7523601	1	1	1	1	1
50	.0007031	.0007031	.001256	.1190735	.1190735	.1204243	.1211979	.4724565	.4724565	.4737759	.4771	.7563652	.7570816	.7576762	.7621702	1	1	1	1	1
51	0	0	0	.0812274	.0818097	.0818097	.08212	.4625953	.4641759	.4641759	.4717688	.7450028	.7450028	.7461876	.7491821	1	1	1	1	1
