18	.0872377	.2325126	.2700073	.2778889	.6184539	.785369		.8182971	.8249933	.9585009	.9724454	.9752432	.9780428	.9883405	.9923008	.9923008	.99776		.99776		.9978895	1	1
19	.0776014	.1344335	.1448932	.1572981	.2181336	.5584451	.7053418	.7118489	.9282061	.957459		.9698843	.9698843	.985202		.989068		.9919679	.9954203	.9964386	.9973032	.9973032	1
20	.0418116	.1006236	.1189383	.1231319	.2073994	.5080019	.7028723	.7189308	.8892949	.937767		.9519746	.9531341	.973963		.9861236	.9912749	.9933851	.9942073	.9982219	.998619	1
21	.0170657	.0692055	.07223584	.0884736	.259749		.487523		.5463574	.551585		.8102347	.9193542	.9410935	.9439304	.9711524	.9891832	.9931257	.9940362	.9953467	.9982926	.9997745	1
22	.0064221	.0247756	.0628401	.0705999	.2377504	.4735738	.5038933	.5291244	.7379852	.868724		.8937398	.8943602	.9452773	.976801		.9854982	.9880281	.9903213	.9951754	1	1
23	.0025971	.0166805	.0594422	.0697596	.1931804	.409128		.4475381	.4668147	.6521477	.8228485	.8097607	.8116863	.921859		.9702327	.9815482	.9821497	.9846908	.992451		.9977112	1
24	.0027902	.0291265	.0401087	.0465437	.1610165	.3944887	.4428993	.46367		.635217		.7594404	.7676121	.7720617	.8803822	.9460073	.9659011	.968654		.9761426	.9902086	.9968556	1
25	.0013079	.0328083	.0555415	.0562446	.1488309	.3071132	.42589203	.433783		.5809292	.7211884	.7329237	.7483334	.818259		.8284416	.857416		.8599015	.8642114	.9465364	.9980268	1
26	.0008508	.0206144	.0558868	.0619278	.1403009	.2259857	.4282442	.4324506	.526087		.6594936	.6706242	.6855996	.7216085	.7556604	.838029		.9038296	.9358454	.9491773	.9972827	1
27	0			.013799		.0501541	.057633		.1386155	.1808549	.4241324	.4302118	.5169792	.6319649	.6721505	.6811026	.7465837	.7576885	.8300214	.9059678	.9263284	.9339015	.9981806	1
28	.000259		.0085322	.0560306	.0570343	.1387395	.1657704	.4244904	.4297479	.5157043	.616685		.6747414	.6834701	.757108		.7624101	.8395136	.9048129	.9357307	.9700997	.9975712	1
29	.0005387	.0058008	.0519757	.0571605	.1280901	.1476081	.4284234	.43065818	.5093082	.5728734	.6641186	.6713957	.7452333	.7507595	.8352641	.9044469	.9246116	.9537142	.9943841	1
30	.0001003	.0026387	.0514585	.0697409	.1200389	.1326543	.4032097	.418912		.4914923	.5233479	.6668357	.6799265	.7316599	.7362206	.8380194	.9092533	.9292533	.9505661	.9925512	1
31	.0002177	.0033554	.0607639	.0714242	.1218918	.1310836	.3905043	.4212808	.4634616	.4888598	.6617021	.6727073	.7138902	.7418953	.8329536	.9080997	.9080997	.9207811	.9934519	1
32	.0001543	.0034321	.0670459	.0870004	.117222		.1236076	.3684898	.4220728	.4527895	.4673792	.6574399	.6600265	.7203618	.7312834	.8398266	.9059739	.9060935	.9094641	.9899602	1
33	0			.0009691	.0592337	.083032		.113032		.1207452	.3271905	.4330285	.4334765	.4472366	.6553943	.6763339	.696749		.7065139	.8328569	.8985125	.8985125	.9019398	.9883178	1
34	.0008765	.0017574	.0504357	.0830798	.1130798	.1167045	.2922799	.4291344	.4295796	.437491		.629373		.6651606	.6858112	.6926906	.8334692	.8972847	.8972847	.8986529	.9836535	1
35	.000465		.0009151	.0352204	.0887667	.1087667	.1103963	.2545064	.433617		.4341048	.4396137	.6230834	.6511068	.6913152	.6941729	.838746		.9032667	.9032667	.904425		.9792627	1
36	.0001856	.0008559	.0264325	.0853948	.1154413	.1171198	.2134796	.4377434	.4385926	.4433834	.5922872	.6876087	.6876087	.6920919	.8359262	.8932921	.8932921	.8944227	.9715188	1
37	.0001787	.0002464	.016065		.0853553	.1153553	.1164372	.1796939	.4238614	.4240223	.4288936	.5559626	.6749524	.6749524	.6774856	.83247		.8946594	.8946594	.8948082	.9662827	1
38	.000616		.0008881	.0120163	.0803782	.1103782	.1112707	.1563031	.4208195	.4208195	.4223811	.5347401	.678844		.678844		.679588		.8160443	.8931758	.8931758	.8934149	.9538843	1
39	.0000228	.0004656	.0087326	.082298		.102298		.1032367	.1309685	.4065126	.4073621	.4088045	.4952752	.6713843	.6715168	.673092		.7724198	.8819479	.8820987	.8838239	.9348174	1
40	.000297		.0006133	.0087171	.0847603	.1047603	.1056468	.1255399	.4031203	.4034078	.4050064	.4605589	.6695869	.6695869	.6710612	.7499222	.8893701	.8894035	.8896414	.9247587	1
41	.0001546	.0008391	.0073123	.0982786	.0985082	.0989532	.1181392	.3968301	.3972315	.3983701	.4389232	.664575		.6645962	.666374		.7148093	.8828779	.8828779	.8832346	.9043164	1
42	.0001861	.000586		.0055815	.0986576	.0991783	.0992215	.1137801	.3986617	.3986617	.3994722	.4297533	.6549947	.6549947	.6551493	.6832592	.8714318	.8714318	.8717557	.8836905	1
43	.0000287	.0007213	.0033479	.1043477	.1047099	.1055015	.1183696	.4153482	.4158997	.4166356	.4316646	.6558202	.6560149	.656277		.6729097	.86653		.86653		.8668846	.8790841	1
44	.0003303	.0008113	.0033967	.1005112	.1007681	.1014871	.1123502	.404464		.4045413	.4054116	.4205543	.653563		.653769		.6548913	.6664146	.8658316	.8662046	.8663602	.8738816	1
45	.000612		.000906		.0034368	.0972011	.0974755	.0978123	.1037674	.4067619	.4069046	.4070726	.4171857	.6576831	.6576831	.6584048	.6691195	.8733743	.8733743	.8733743	.8773519	1
46	.00035		.0004809	.002858		.1042521	.1043403	.1044877	.109259		.4027044	.4027044	.4032314	.413484		.6595738	.6597704	.6603273	.667412		.8762287	.8762287	.8764739	.8806865	1
47	.0001368	.0001368	.0015226	.088235		.0884418	.0884418	.0922103	.4124483	.4126501	.4128199	.4183947	.6684471	.6686543	.6690943	.673334		.8684609	.8686171	.8687306	.8709835	1
48	.0001484	.0001484	.0010663	.0822499	.0824214	.0830124	.0847992	.3974786	.3974786	.3985416	.4024369	.6599065	.6599065	.6599065	.664794		.8725845	.8727248	.8728583	.8744262	1
49	0			0			.0004314	.0827711	.0843113	.0843706	.0855897	.3898208	.3906074	.3906882	.3981166	.650651		.650651		.650651		.6561755	.8721561	.8721561	.8721561	.8730786	1
50	.0006067	.0006067	.0010838	.1027508	.1027508	.1039164	.104584		.4076917	.4076917	.4088303	.4116987	.652682		.6533002	.6538132	.6576912	.8629192	.8634626	.8634626	.8634626	1
51	0			0			0			.0698691	.07037		.07037		.0706369	.3979092	.3992688	.3992688	.4057999	.6408268	.6408268	.6418459	.6444218	.860167	.860167	.860167	.860167	1
