18	.0309594	.1931554	.3934824	.4828387	.5171328	.5596906	.7022268	.8295996	.8924587	.90318	.9072781	.9310017	.9409621	.9441767	.9469914	.9509109	.9547744	.9547744	.9582022	.9582022	.9582022	.9582022	.9584324	.9584324	.9584324
19	.0110144	.0935015	.2954444	.4231456	.4559025	.4792294	.6011496	.7894906	.8709813	.9084126	.9244342	.9311007	.9465849	.9635364	.9732487	.9732487	.9801437	.9831053	.9855489	.9855489	.9855489	.9855489	.9855489	.9855489	.9855489
20	.0016052	.0699454	.3107657	.4820396	.5385578	.5430529	.5979107	.7789462	.8664078	.8909519	.8999226	.93105	.951901	.9716898	.9843962	.9852316	.9852316	.9903542	.9909617	.9917466	.9917466	.9917466	.9917466	.9917466	.9917466
21	.0063915	.0345803	.2592457	.5043001	.5556877	.5556877	.5854124	.7557628	.8834847	.9322242	.9363295	.9679397	.9796363	.9958937	.9970421	.9970421	.9970421	.9970421	.9974576	.9987333	.9987333	.9987333	.9987333	.9987333	.9987333
22	0	.0111549	.1590857	.4555465	.5488502	.5488502	.5697035	.6878437	.871111	.9199519	.9282291	.9531778	.9651092	.9779828	.9900751	.9900751	.9900751	.9908631	.9908631	.9939957	.9939957	.9939957	.9984173	.9984173	.9984173
23	.0025495	.0034121	.1025053	.3924435	.5286258	.5286258	.548847	.6443499	.8413994	.9104369	.9110234	.9325687	.9520861	.9692563	.9815481	.9815481	.9830316	.9859007	.9917403	.9942528	.9942528	.996404	.996404	.996404	.996404
24	0	.0088483	.060819	.3763173	.5269179	.5269179	.5269179	.5820368	.809673	.8975161	.8975161	.9095371	.9476379	.9762462	.9872858	.9872858	.9877087	.9925864	.9997129	.9997129	.9997129	.9997129	.9997129	1	1
25	.0014669	.0014669	.0231736	.3364609	.5526059	.5526059	.5546901	.579492	.7878875	.9009432	.9016579	.9049155	.9254155	.9539139	.9850879	.9850879	.9868454	.9919679	.9919679	.9971965	.9971965	.9971965	.9971965	.9971965	.9971965
26	0	.0064579	.0325759	.2841532	.5666103	.5666103	.5666103	.5821618	.7565684	.8948533	.8948533	.8973674	.923945	.9606911	.9788457	.9788457	.9788457	.9788457	.9888314	1	1	1	1	1	1
27	0	0	.0363795	.2100369	.5781004	.5781004	.5781004	.5796767	.7215094	.910322	.910322	.9132066	.9214649	.9550459	.9794245	.9794245	.9794245	.9794245	.9903484	.9977897	.9977897	.9977897	.9988748	.9988748	1
28	.0022485	.0022485	.0068402	.1418605	.5667911	.5667911	.5680181	.5723327	.6617588	.889946	.889946	.889946	.8976423	.9368809	.9686027	.9686027	.9686027	.971833	.9789001	.9957814	.9957814	.9957814	.9957814	.9991	1
29	0	0	.00715	.0848261	.5398474	.5398474	.5398474	.5437412	.6135336	.8886867	.8886867	.8898278	.8902324	.9374679	.9746166	.9746166	.9746166	.9776765	.981024	1	1	1	1	1	1
30	0	.0009345	.0076107	.0744916	.5610406	.5610406	.5610406	.5645255	.615914	.8942619	.8942619	.8942619	.8952481	.9233941	.9857779	.9857779	.9857779	.9857779	.997409	1	1	1	1	1	1
31	0	.0020686	.0114204	.0657615	.6199532	.6199532	.6230327	.6230327	.6496297	.8993653	.8993653	.8993653	.902539	.9206912	.9696631	.9696631	.9696631	.9717177	.9802085	.9976473	.9976473	.9976473	.9976473	.9976473	1
32	0	0	.017553	.0408341	.5280113	.5280113	.5280113	.5280113	.5619432	.8659444	.8659444	.8659444	.8685557	.8937694	.9750739	.9750739	.9750739	.9750739	.9817307	.9985248	.9985248	.9985248	.9985248	.9985248	.9985248
33	0	0	0	.0128311	.5961882	.5961882	.5961882	.5975711	.6081308	.8651196	.8651196	.8651196	.8651196	.8868186	.9817516	.9817516	.9817516	.9817516	.9817516	.9959377	.9959377	.9959377	.9959377	.9959377	1
34	.0034551	.0064965	.009283	.0193152	.5720951	.5720951	.5720951	.5720951	.5792194	.8352066	.8352066	.8366494	.8392142	.8514134	.9793261	.9793261	.9793261	.9793261	.9793261	.991232	.991232	.991232	.991232	.991232	1
35	0	.0018916	.0066636	.0095229	.5944508	.5944508	.5944508	.59648	.6141441	.8858666	.8858666	.8858666	.8858666	.8875632	.9774739	.9774739	.9774739	.9774739	.9774739	.991623	.991623	.991623	.991623	.991623	1
36	0	0	.0043782	.0101886	.5791932	.5791932	.5791932	.5816904	.5924152	.8811863	.8811863	.8811863	.8811863	.8811863	.9760011	.9760011	.9760011	.9760011	.9760011	.9929698	.9929698	.9929698	.9929698	.9952272	1
37	0	0	0	.0062771	.5547794	.5547794	.5547794	.5599776	.572663	.8738351	.8738351	.8738351	.8738351	.8786363	.9700394	.9700394	.9700394	.9700394	.9700394	.9961784	.9961784	.9961784	.9961784	.9961784	1
38	0	.0018091	.0018091	.0064295	.5969846	.5969846	.5969846	.5969846	.6000478	.8618192	.8618192	.8618192	.8618192	.8673815	.972395	.972395	.972395	.972395	.9741379	.9990773	.9990773	.9990773	.9990773	.9990773	1
39	0	0	0	.0072609	.5863587	.5863587	.5863587	.5863587	.5896356	.8468177	.8468177	.8468177	.8468177	.8468177	.9546823	.9546823	.9546823	.9546823	.9562933	.9902298	.9902298	.9902298	.9902298	.9902298	.9997405
40	0	0	.0012635	.0076099	.5932826	.5932826	.5932826	.5971068	.5996735	.8353401	.8353401	.8353401	.8353401	.8433521	.9470972	.9470972	.9470972	.9470972	.948327	.9863088	.9863088	.9863088	.9863088	.9863088	1
41	0	0	.0022843	.0035938	.5733067	.5733067	.5733067	.5733067	.5753652	.8479241	.8479241	.8479241	.8479241	.8545408	.9382014	.9382014	.9382014	.9382014	.9382014	.9853264	.9853264	.9853264	.9853264	.9853264	.9975718
42	0	0	.0007781	.0074139	.6059531	.6059531	.6059531	.6059531	.6089543	.8638117	.8638117	.8638117	.8638117	.8638117	.962388	.962388	.962388	.962388	.962388	.987754	.987754	.987754	.987754	.987754	1
43	0	0	.0021875	.0056221	.591642	.591642	.591642	.591642	.591642	.8853865	.8853865	.8853865	.8853865	.886728	.9675074	.9675074	.9675074	.9675074	.9675074	.9953699	.9953699	.9953699	.9953699	.9953699	1
44	0	0	.003723	.0056947	.5594854	.5594854	.5594854	.5616062	.5616062	.8413026	.8413026	.8422182	.8422182	.8422182	.9709565	.9709565	.9709565	.9709565	.9709565	.996463	.996463	.996463	.996463	.996463	.9982439
45	0	0	.0016184	.005346	.5714803	.5714803	.5714803	.5714803	.5733005	.8349481	.8349481	.8349481	.8349481	.8349481	.9488153	.9488153	.9488153	.9488153	.9488153	.9880868	.9880868	.9880868	.9880868	.9880868	1
46	.0016172	.0016172	.0032188	.003494	.6259093	.6259093	.6259093	.6259093	.6277125	.8527207	.8527207	.8527207	.8527207	.8527207	.9656478	.9656478	.9656478	.9656478	.9656478	.9854171	.9854171	.9854171	.9854171	.9854171	.9977013
47	0	0	0	0	.6072464	.6072464	.6072464	.6072464	.6118547	.8814208	.8814208	.8814208	.8814208	.8816802	.9557881	.9557881	.9557881	.9557881	.9557881	.9849982	.9849982	.9849982	.9849982	.9849982	1
48	0	0	0	.0018003	.61581	.61581	.61581	.61581	.61581	.8854271	.8854271	.8854271	.8854271	.8854271	.9701113	.9701113	.9701113	.9701113	.973118	1	1	1	1	1	1
49	0	0	0	.0015829	.5472313	.5472313	.5472313	.5472313	.5472313	.8450146	.8450146	.8559803	.8559803	.8559803	.9706135	.9706135	.9706135	.9706135	.9706135	.9953794	.9953794	.9953794	.9953794	.9953794	1
50	0	0	0	0	.623129	.623129	.623129	.623129	.623129	.8870547	.8870547	.8870547	.8870547	.9020206	.971148	.971148	.971148	.971148	.971148	.9936333	.9936333	.9936333	.9936333	.9936333	1
51	0	0	0	0	.4612922	.4612922	.4612922	.4612922	.4612922	.8892771	.8892771	.8892771	.8892771	.9093007	.9627603	.9627603	.9627603	.9627603	.9627603	1	1	1	1	1	1